<?xml version="1.0" encoding="UTF-8" ?>
<testsuite tests="2" failures="2" name="com.mycompany.sanctioning.NameScreeningTest" time="0.022" errors="0" skipped="0">
  <properties>
[...]
</properties>
  <testcase classname="com.mycompany.sanctioning.NameScreeningTest" name="com.mycompany.sanctioning.NameScreeningTest.testCheckSanctionList" time="0.022">
    <failure type="java.lang.NullPointerException">java.lang.NullPointerException
	at java.base/java.io.File.&lt;init&gt;(File.java:279)
	at com.mycompany.sanctioning.NameScreening.&lt;init&gt;(NameScreening.java:36)
	at com.mycompany.sanctioning.NameScreeningTest.testCheckSanctionList(NameScreeningTest.java:55)
</failure>
    <system-out>Testing checkSanctionList
</system-out>
  </testcase>
  <testcase classname="com.mycompany.sanctioning.NameScreeningTest" name="com.mycompany.sanctioning.NameScreeningTest.testPercentMatch" time="0">
    <failure type="java.lang.NullPointerException">java.lang.NullPointerException
	at java.base/java.io.File.&lt;init&gt;(File.java:279)
	at com.mycompany.sanctioning.NameScreening.&lt;init&gt;(NameScreening.java:36)
	at com.mycompany.sanctioning.NameScreeningTest.testPercentMatch(NameScreeningTest.java:70)
</failure>
    <system-out>percentMatch
</system-out>
  </testcase>
</testsuite>